<?xml version="1.0" encoding="UTF-8"?>
<Site BuildName="Win32-MSBuild"
	BuildStamp="20220508-1426-Experimental"
	Name="Honda-Pc"
	Generator="ctest-3.22.1"
	CompilerName="C:/Program Files (x86)/Microsoft Visual Studio/2019/Community/VC/Tools/MSVC/14.29.30133/bin/Hostx86/x64/cl.exe"
	CompilerVersion="19.29.30138.0"
	OSName="Windows"
	Hostname="Honda-Pc"
	OSRelease=" Personal"
	OSVersion=" (Build 19043)"
	OSPlatform="AMD64"
	Is64Bits="1"
	VendorString="GenuineIntel"
	VendorID="Intel Corporation"
	FamilyID="6"
	ModelID="14"
	ProcessorCacheSize="-1"
	NumberOfLogicalCPU="8"
	NumberOfPhysicalCPU="4"
	TotalVirtualMemory="20439"
	TotalPhysicalMemory="10199"
	LogicalProcessorsPerPhysical="2"
	ProcessorClockFrequency="2793"
	>
	<Testing>
		<StartDateTime>May 08 16:31 Rom, sommertid</StartDateTime>
		<StartTestTime>1652020269</StartTestTime>
		<TestList/>
		<EndDateTime>May 08 16:31 Rom, sommertid</EndDateTime>
		<EndTestTime>1652020269</EndTestTime>
		<ElapsedMinutes>0</ElapsedMinutes>
	</Testing>
</Site>
